<?xml version="1.0" encoding="UTF-8"?>
<!-- Generated by org.testng.reporters.JUnitXMLReporter -->
<testsuite ignored="16" hostname="LAPTOP-CEPQKL4D" failures="0" tests="0" time="0.018" errors="0" timestamp="2024-10-25T09:07:26 IST">
  <testcase classname="TestNG._2_Priority_Basis_Execution" name="Mayank" time="0.0">
    <ignored/>
  </testcase> <!-- Mayank -->
  <testcase classname="TestNG._4_Depends_On_Methods" name="Delete" time="0.0">
    <ignored/>
  </testcase> <!-- Delete -->
  <testcase classname="TestNG._5_Annotations_TestNG" name="Method3" time="0.0">
    <ignored/>
  </testcase> <!-- Method3 -->
  <testcase classname="TestNG._5_Annotations_TestNG" name="Method2" time="0.0">
    <ignored/>
  </testcase> <!-- Method2 -->
  <testcase classname="TestNG._5_Annotations_TestNG" name="Method1" time="0.0">
    <ignored/>
  </testcase> <!-- Method1 -->
  <testcase classname="TestNG._4_Depends_On_Methods" name="Login" time="0.0">
    <ignored/>
  </testcase> <!-- Login -->
  <testcase classname="TestNG._2_Priority_Basis_Execution" name="Vishal" time="0.0">
    <ignored/>
  </testcase> <!-- Vishal -->
  <testcase classname="TestNG._4_Depends_On_Methods" name="Creation" time="0.0">
    <ignored/>
  </testcase> <!-- Creation -->
  <testcase classname="TestNG._1_Multiple_Test_Methods" name="Dinesh" time="0.0">
    <ignored/>
  </testcase> <!-- Dinesh -->
  <testcase classname="TestNG._3__Invocation_Count" name="Dinesh" time="0.0">
    <ignored/>
  </testcase> <!-- Dinesh -->
  <testcase classname="TestNG._7_Assertion" name="AssertionTypes" time="0.0">
    <ignored/>
  </testcase> <!-- AssertionTypes -->
  <testcase classname="TestNG._3__Invocation_Count" name="Mayank" time="0.0">
    <ignored/>
  </testcase> <!-- Mayank -->
  <testcase classname="TestNG._3__Invocation_Count" name="Vishal" time="0.0">
    <ignored/>
  </testcase> <!-- Vishal -->
  <testcase classname="TestNG._2_Priority_Basis_Execution" name="Dinesh" time="0.0">
    <ignored/>
  </testcase> <!-- Dinesh -->
  <testcase classname="TestNG._1_Multiple_Test_Methods" name="Vishal" time="0.0">
    <ignored/>
  </testcase> <!-- Vishal -->
  <testcase classname="TestNG._1_Multiple_Test_Methods" name="Mayank" time="0.0">
    <ignored/>
  </testcase> <!-- Mayank -->
</testsuite>
