<?xml version="1.0" encoding="UTF-8"?>
<!-- Generated by org.testng.reporters.JUnitXMLReporter -->
<testsuite ignored="0" hostname="LAPTOP-CEPQKL4D" failures="0" tests="6" name="GRP-smoke" time="0.082" errors="0" timestamp="2023-01-14T16:44:28 IST">
  <testcase classname="TestNG._1_Multiple_Test_Methods" name="Dinesh" time="0.009"/>
  <testcase classname="TestNG._1_Multiple_Test_Methods" name="Mayank" time="0.001"/>
  <testcase classname="TestNG._1_Multiple_Test_Methods" name="Vishal" time="0.001"/>
  <testcase classname="TestNG._2_Priority_Basis_Execution" name="Vishal" time="0.001"/>
  <testcase classname="TestNG._2_Priority_Basis_Execution" name="Mayank" time="0.002"/>
  <testcase classname="TestNG._2_Priority_Basis_Execution" name="Dinesh" time="0.002"/>
</testsuite> <!-- GRP-smoke -->
